C:\Users\AW 18\Dropbox\GuildHall\Projects\NetworkingMidterm\MidtermServer\\MidtermServer.exe
C:\Users\AW 18\Dropbox\GuildHall\Projects\NetworkingMidterm\MidtermServer\\MidtermServer.ilk
C:\Users\AW 18\Dropbox\GuildHall\Projects\NetworkingMidterm\MidtermServer\\MidtermServer.pdb
C:\USERS\AW 18\DROPBOX\GUILDHALL\PROJECTS\NETWORKINGMIDTERM\MIDTERMSERVER\DEBUG\AABB3D.OBJ
C:\USERS\AW 18\DROPBOX\GUILDHALL\PROJECTS\NETWORKINGMIDTERM\MIDTERMSERVER\DEBUG\ALARM.OBJ
C:\USERS\AW 18\DROPBOX\GUILDHALL\PROJECTS\NETWORKINGMIDTERM\MIDTERMSERVER\DEBUG\ASYNCJOB.OBJ
C:\USERS\AW 18\DROPBOX\GUILDHALL\PROJECTS\NETWORKINGMIDTERM\MIDTERMSERVER\DEBUG\BITMAPFONT.OBJ
C:\USERS\AW 18\DROPBOX\GUILDHALL\PROJECTS\NETWORKINGMIDTERM\MIDTERMSERVER\DEBUG\CB3DSMAXIMPORTER.OBJ
C:\USERS\AW 18\DROPBOX\GUILDHALL\PROJECTS\NETWORKINGMIDTERM\MIDTERMSERVER\DEBUG\CBMEMORYMANAGER.OBJ
C:\USERS\AW 18\DROPBOX\GUILDHALL\PROJECTS\NETWORKINGMIDTERM\MIDTERMSERVER\DEBUG\CBMESH.OBJ
C:\USERS\AW 18\DROPBOX\GUILDHALL\PROJECTS\NETWORKINGMIDTERM\MIDTERMSERVER\DEBUG\CBNODE.OBJ
C:\USERS\AW 18\DROPBOX\GUILDHALL\PROJECTS\NETWORKINGMIDTERM\MIDTERMSERVER\DEBUG\CBRENDERER.OBJ
C:\USERS\AW 18\DROPBOX\GUILDHALL\PROJECTS\NETWORKINGMIDTERM\MIDTERMSERVER\DEBUG\CBSKINNEDMESH.OBJ
C:\USERS\AW 18\DROPBOX\GUILDHALL\PROJECTS\NETWORKINGMIDTERM\MIDTERMSERVER\DEBUG\CBSKINNEDTRIANGLEBATCH.OBJ
C:\USERS\AW 18\DROPBOX\GUILDHALL\PROJECTS\NETWORKINGMIDTERM\MIDTERMSERVER\DEBUG\CBSTRINGHELPER.OBJ
C:\USERS\AW 18\DROPBOX\GUILDHALL\PROJECTS\NETWORKINGMIDTERM\MIDTERMSERVER\DEBUG\CBTRIANGLEBATCH.OBJ
C:\Users\AW 18\Dropbox\GuildHall\Projects\NetworkingMidterm\MidtermServer\Debug\cl.command.1.tlog
C:\Users\AW 18\Dropbox\GuildHall\Projects\NetworkingMidterm\MidtermServer\Debug\CL.read.1.tlog
C:\Users\AW 18\Dropbox\GuildHall\Projects\NetworkingMidterm\MidtermServer\Debug\CL.write.1.tlog
C:\USERS\AW 18\DROPBOX\GUILDHALL\PROJECTS\NETWORKINGMIDTERM\MIDTERMSERVER\DEBUG\CLOCK.OBJ
C:\USERS\AW 18\DROPBOX\GUILDHALL\PROJECTS\NETWORKINGMIDTERM\MIDTERMSERVER\DEBUG\COLLISIONHELPER.OBJ
C:\USERS\AW 18\DROPBOX\GUILDHALL\PROJECTS\NETWORKINGMIDTERM\MIDTERMSERVER\DEBUG\COMMANDLET.OBJ
C:\USERS\AW 18\DROPBOX\GUILDHALL\PROJECTS\NETWORKINGMIDTERM\MIDTERMSERVER\DEBUG\COMMANDLINEARGS.OBJ
C:\USERS\AW 18\DROPBOX\GUILDHALL\PROJECTS\NETWORKINGMIDTERM\MIDTERMSERVER\DEBUG\COMMANDPROMPT.OBJ
C:\USERS\AW 18\DROPBOX\GUILDHALL\PROJECTS\NETWORKINGMIDTERM\MIDTERMSERVER\DEBUG\CONNECTEDUDPCLIENT.OBJ
C:\USERS\AW 18\DROPBOX\GUILDHALL\PROJECTS\NETWORKINGMIDTERM\MIDTERMSERVER\DEBUG\CONSOLE.OBJ
C:\USERS\AW 18\DROPBOX\GUILDHALL\PROJECTS\NETWORKINGMIDTERM\MIDTERMSERVER\DEBUG\CONSOLECOMMANDARG.OBJ
C:\USERS\AW 18\DROPBOX\GUILDHALL\PROJECTS\NETWORKINGMIDTERM\MIDTERMSERVER\DEBUG\DEBUGAABB.OBJ
C:\USERS\AW 18\DROPBOX\GUILDHALL\PROJECTS\NETWORKINGMIDTERM\MIDTERMSERVER\DEBUG\DEBUGARROW.OBJ
C:\USERS\AW 18\DROPBOX\GUILDHALL\PROJECTS\NETWORKINGMIDTERM\MIDTERMSERVER\DEBUG\DEBUGLINE.OBJ
C:\USERS\AW 18\DROPBOX\GUILDHALL\PROJECTS\NETWORKINGMIDTERM\MIDTERMSERVER\DEBUG\DEBUGPOINT.OBJ
C:\USERS\AW 18\DROPBOX\GUILDHALL\PROJECTS\NETWORKINGMIDTERM\MIDTERMSERVER\DEBUG\DEBUGSHAPEDEFINITION.OBJ
C:\USERS\AW 18\DROPBOX\GUILDHALL\PROJECTS\NETWORKINGMIDTERM\MIDTERMSERVER\DEBUG\DEBUGSHAPERENDERER.OBJ
C:\USERS\AW 18\DROPBOX\GUILDHALL\PROJECTS\NETWORKINGMIDTERM\MIDTERMSERVER\DEBUG\DEBUGSPHERE.OBJ
C:\USERS\AW 18\DROPBOX\GUILDHALL\PROJECTS\NETWORKINGMIDTERM\MIDTERMSERVER\DEBUG\DISK2D.OBJ
C:\USERS\AW 18\DROPBOX\GUILDHALL\PROJECTS\NETWORKINGMIDTERM\MIDTERMSERVER\DEBUG\ENGINEERRORMANAGER.OBJ
C:\USERS\AW 18\DROPBOX\GUILDHALL\PROJECTS\NETWORKINGMIDTERM\MIDTERMSERVER\DEBUG\ENGINEPROFILER.OBJ
C:\USERS\AW 18\DROPBOX\GUILDHALL\PROJECTS\NETWORKINGMIDTERM\MIDTERMSERVER\DEBUG\ENGINESETTINGS.OBJ
C:\USERS\AW 18\DROPBOX\GUILDHALL\PROJECTS\NETWORKINGMIDTERM\MIDTERMSERVER\DEBUG\ENTITY.OBJ
C:\USERS\AW 18\DROPBOX\GUILDHALL\PROJECTS\NETWORKINGMIDTERM\MIDTERMSERVER\DEBUG\ENTITYMESH.OBJ
C:\USERS\AW 18\DROPBOX\GUILDHALL\PROJECTS\NETWORKINGMIDTERM\MIDTERMSERVER\DEBUG\EVENTSUBSCRIBERBASE.OBJ
C:\USERS\AW 18\DROPBOX\GUILDHALL\PROJECTS\NETWORKINGMIDTERM\MIDTERMSERVER\DEBUG\EVENTSYSTEM.OBJ
C:\USERS\AW 18\DROPBOX\GUILDHALL\PROJECTS\NETWORKINGMIDTERM\MIDTERMSERVER\DEBUG\EVENTSYSTEMSUBSCRIBER.OBJ
C:\USERS\AW 18\DROPBOX\GUILDHALL\PROJECTS\NETWORKINGMIDTERM\MIDTERMSERVER\DEBUG\FMODSOUND.OBJ
C:\USERS\AW 18\DROPBOX\GUILDHALL\PROJECTS\NETWORKINGMIDTERM\MIDTERMSERVER\DEBUG\FOG.OBJ
C:\USERS\AW 18\DROPBOX\GUILDHALL\PROJECTS\NETWORKINGMIDTERM\MIDTERMSERVER\DEBUG\FONTMANAGER.OBJ
C:\USERS\AW 18\DROPBOX\GUILDHALL\PROJECTS\NETWORKINGMIDTERM\MIDTERMSERVER\DEBUG\FRAMEBUFFEROBJECT.OBJ
C:\USERS\AW 18\DROPBOX\GUILDHALL\PROJECTS\NETWORKINGMIDTERM\MIDTERMSERVER\DEBUG\GAMEDIRECTOR.OBJ
C:\USERS\AW 18\DROPBOX\GUILDHALL\PROJECTS\NETWORKINGMIDTERM\MIDTERMSERVER\DEBUG\GEOMETRY3D.OBJ
C:\USERS\AW 18\DROPBOX\GUILDHALL\PROJECTS\NETWORKINGMIDTERM\MIDTERMSERVER\DEBUG\GLYPH.OBJ
C:\USERS\AW 18\DROPBOX\GUILDHALL\PROJECTS\NETWORKINGMIDTERM\MIDTERMSERVER\DEBUG\GUICON.OBJ
C:\USERS\AW 18\DROPBOX\GUILDHALL\PROJECTS\NETWORKINGMIDTERM\MIDTERMSERVER\DEBUG\HASHBUFFERJOB.OBJ
C:\USERS\AW 18\DROPBOX\GUILDHALL\PROJECTS\NETWORKINGMIDTERM\MIDTERMSERVER\DEBUG\INPUTHANDLER.OBJ
C:\USERS\AW 18\DROPBOX\GUILDHALL\PROJECTS\NETWORKINGMIDTERM\MIDTERMSERVER\DEBUG\JOBMANAGER.OBJ
C:\USERS\AW 18\DROPBOX\GUILDHALL\PROJECTS\NETWORKINGMIDTERM\MIDTERMSERVER\DEBUG\LIGHT.OBJ
C:\Users\AW 18\Dropbox\GuildHall\Projects\NetworkingMidterm\MidtermServer\Debug\link.11672.read.1.tlog
C:\Users\AW 18\Dropbox\GuildHall\Projects\NetworkingMidterm\MidtermServer\Debug\link.11672.write.1.tlog
C:\Users\AW 18\Dropbox\GuildHall\Projects\NetworkingMidterm\MidtermServer\Debug\link.11672-cvtres.read.1.tlog
C:\Users\AW 18\Dropbox\GuildHall\Projects\NetworkingMidterm\MidtermServer\Debug\link.11672-cvtres.write.1.tlog
C:\Users\AW 18\Dropbox\GuildHall\Projects\NetworkingMidterm\MidtermServer\Debug\link.command.1.tlog
C:\Users\AW 18\Dropbox\GuildHall\Projects\NetworkingMidterm\MidtermServer\Debug\link.read.1.tlog
C:\Users\AW 18\Dropbox\GuildHall\Projects\NetworkingMidterm\MidtermServer\Debug\link.write.1.tlog
C:\Users\AW 18\Dropbox\GuildHall\Projects\NetworkingMidterm\MidtermServer\Debug\link-cvtres.read.1.tlog
C:\Users\AW 18\Dropbox\GuildHall\Projects\NetworkingMidterm\MidtermServer\Debug\link-cvtres.write.1.tlog
C:\USERS\AW 18\DROPBOX\GUILDHALL\PROJECTS\NETWORKINGMIDTERM\MIDTERMSERVER\DEBUG\LOADFILEJOB.OBJ
C:\USERS\AW 18\DROPBOX\GUILDHALL\PROJECTS\NETWORKINGMIDTERM\MIDTERMSERVER\DEBUG\MAIN.OBJ
C:\USERS\AW 18\DROPBOX\GUILDHALL\PROJECTS\NETWORKINGMIDTERM\MIDTERMSERVER\DEBUG\MATERIAL.OBJ
C:\USERS\AW 18\DROPBOX\GUILDHALL\PROJECTS\NETWORKINGMIDTERM\MIDTERMSERVER\DEBUG\MATRIX44.OBJ
C:\USERS\AW 18\DROPBOX\GUILDHALL\PROJECTS\NETWORKINGMIDTERM\MIDTERMSERVER\DEBUG\MATRIXSTACK.OBJ
C:\USERS\AW 18\DROPBOX\GUILDHALL\PROJECTS\NETWORKINGMIDTERM\MIDTERMSERVER\DEBUG\MEMORYMACROS.OBJ
C:\USERS\AW 18\DROPBOX\GUILDHALL\PROJECTS\NETWORKINGMIDTERM\MIDTERMSERVER\DEBUG\MIDTERMSERVER.EXE.EMBED.MANIFEST
C:\USERS\AW 18\DROPBOX\GUILDHALL\PROJECTS\NETWORKINGMIDTERM\MIDTERMSERVER\DEBUG\MIDTERMSERVER.EXE.EMBED.MANIFEST.RES
C:\USERS\AW 18\DROPBOX\GUILDHALL\PROJECTS\NETWORKINGMIDTERM\MIDTERMSERVER\DEBUG\MIDTERMSERVER.EXE.INTERMEDIATE.MANIFEST
C:\Users\AW 18\Dropbox\GuildHall\Projects\NetworkingMidterm\MidtermServer\Debug\MidtermServer.vcxprojResolveAssemblyReference.cache
C:\Users\AW 18\Dropbox\GuildHall\Projects\NetworkingMidterm\MidtermServer\Debug\MidtermServer.write.1.tlog
C:\Users\AW 18\Dropbox\GuildHall\Projects\NetworkingMidterm\MidtermServer\Debug\MidtermServer_manifest.rc
C:\Users\AW 18\Dropbox\GuildHall\Projects\NetworkingMidterm\MidtermServer\Debug\mt.command.1.tlog
C:\Users\AW 18\Dropbox\GuildHall\Projects\NetworkingMidterm\MidtermServer\Debug\mt.read.1.tlog
C:\Users\AW 18\Dropbox\GuildHall\Projects\NetworkingMidterm\MidtermServer\Debug\mt.write.1.tlog
C:\USERS\AW 18\DROPBOX\GUILDHALL\PROJECTS\NETWORKINGMIDTERM\MIDTERMSERVER\DEBUG\NAMEDPROPERTIES.OBJ
C:\USERS\AW 18\DROPBOX\GUILDHALL\PROJECTS\NETWORKINGMIDTERM\MIDTERMSERVER\DEBUG\NAMEDPROPERTY.OBJ
C:\USERS\AW 18\DROPBOX\GUILDHALL\PROJECTS\NETWORKINGMIDTERM\MIDTERMSERVER\DEBUG\NODE.OBJ
C:\USERS\AW 18\DROPBOX\GUILDHALL\PROJECTS\NETWORKINGMIDTERM\MIDTERMSERVER\DEBUG\OPENGLRENDERER.OBJ
C:\USERS\AW 18\DROPBOX\GUILDHALL\PROJECTS\NETWORKINGMIDTERM\MIDTERMSERVER\DEBUG\OPENGLSHADER.OBJ
C:\USERS\AW 18\DROPBOX\GUILDHALL\PROJECTS\NETWORKINGMIDTERM\MIDTERMSERVER\DEBUG\OPENGLSHADERERROR.OBJ
C:\USERS\AW 18\DROPBOX\GUILDHALL\PROJECTS\NETWORKINGMIDTERM\MIDTERMSERVER\DEBUG\OPENGLSHADERMANAGER.OBJ
C:\USERS\AW 18\DROPBOX\GUILDHALL\PROJECTS\NETWORKINGMIDTERM\MIDTERMSERVER\DEBUG\OPENGLSHADERPROGRAM.OBJ
C:\USERS\AW 18\DROPBOX\GUILDHALL\PROJECTS\NETWORKINGMIDTERM\MIDTERMSERVER\DEBUG\OPERATORNEWDELETE.OBJ
C:\USERS\AW 18\DROPBOX\GUILDHALL\PROJECTS\NETWORKINGMIDTERM\MIDTERMSERVER\DEBUG\PARTICLE.OBJ
C:\USERS\AW 18\DROPBOX\GUILDHALL\PROJECTS\NETWORKINGMIDTERM\MIDTERMSERVER\DEBUG\PLANE3D.OBJ
C:\USERS\AW 18\DROPBOX\GUILDHALL\PROJECTS\NETWORKINGMIDTERM\MIDTERMSERVER\DEBUG\PROFILESECTION.OBJ
C:\USERS\AW 18\DROPBOX\GUILDHALL\PROJECTS\NETWORKINGMIDTERM\MIDTERMSERVER\DEBUG\PUGIXML.OBJ
C:\Users\AW 18\Dropbox\GuildHall\Projects\NetworkingMidterm\MidtermServer\Debug\rc.command.1.tlog
C:\Users\AW 18\Dropbox\GuildHall\Projects\NetworkingMidterm\MidtermServer\Debug\rc.read.1.tlog
C:\Users\AW 18\Dropbox\GuildHall\Projects\NetworkingMidterm\MidtermServer\Debug\rc.write.1.tlog
C:\USERS\AW 18\DROPBOX\GUILDHALL\PROJECTS\NETWORKINGMIDTERM\MIDTERMSERVER\DEBUG\REVERSEBUFFERJOB.OBJ
C:\USERS\AW 18\DROPBOX\GUILDHALL\PROJECTS\NETWORKINGMIDTERM\MIDTERMSERVER\DEBUG\SAVEFILEJOB.OBJ
C:\USERS\AW 18\DROPBOX\GUILDHALL\PROJECTS\NETWORKINGMIDTERM\MIDTERMSERVER\DEBUG\SIZE.OBJ
C:\USERS\AW 18\DROPBOX\GUILDHALL\PROJECTS\NETWORKINGMIDTERM\MIDTERMSERVER\DEBUG\SPHERE3D.OBJ
C:\USERS\AW 18\DROPBOX\GUILDHALL\PROJECTS\NETWORKINGMIDTERM\MIDTERMSERVER\DEBUG\SPHERESHAPE.OBJ
C:\USERS\AW 18\DROPBOX\GUILDHALL\PROJECTS\NETWORKINGMIDTERM\MIDTERMSERVER\DEBUG\SPRITE.OBJ
C:\USERS\AW 18\DROPBOX\GUILDHALL\PROJECTS\NETWORKINGMIDTERM\MIDTERMSERVER\DEBUG\SPRITEANIMATION.OBJ
C:\USERS\AW 18\DROPBOX\GUILDHALL\PROJECTS\NETWORKINGMIDTERM\MIDTERMSERVER\DEBUG\SPRITEANIMATIONDEFINITION.OBJ
C:\USERS\AW 18\DROPBOX\GUILDHALL\PROJECTS\NETWORKINGMIDTERM\MIDTERMSERVER\DEBUG\STB_IMAGE.OBJ
C:\USERS\AW 18\DROPBOX\GUILDHALL\PROJECTS\NETWORKINGMIDTERM\MIDTERMSERVER\DEBUG\TEXTRENDERER.OBJ
C:\USERS\AW 18\DROPBOX\GUILDHALL\PROJECTS\NETWORKINGMIDTERM\MIDTERMSERVER\DEBUG\TEXTURE.OBJ
C:\USERS\AW 18\DROPBOX\GUILDHALL\PROJECTS\NETWORKINGMIDTERM\MIDTERMSERVER\DEBUG\TEXTUREATLAS.OBJ
C:\USERS\AW 18\DROPBOX\GUILDHALL\PROJECTS\NETWORKINGMIDTERM\MIDTERMSERVER\DEBUG\TEXTUREATLASMANAGER.OBJ
C:\USERS\AW 18\DROPBOX\GUILDHALL\PROJECTS\NETWORKINGMIDTERM\MIDTERMSERVER\DEBUG\TEXTUREMANAGER.OBJ
C:\USERS\AW 18\DROPBOX\GUILDHALL\PROJECTS\NETWORKINGMIDTERM\MIDTERMSERVER\DEBUG\TIMESYSTEM.OBJ
C:\USERS\AW 18\DROPBOX\GUILDHALL\PROJECTS\NETWORKINGMIDTERM\MIDTERMSERVER\DEBUG\TIMEUTIL.OBJ
C:\USERS\AW 18\DROPBOX\GUILDHALL\PROJECTS\NETWORKINGMIDTERM\MIDTERMSERVER\DEBUG\TYPEDEVENTSUBSCRIBER.OBJ
C:\USERS\AW 18\DROPBOX\GUILDHALL\PROJECTS\NETWORKINGMIDTERM\MIDTERMSERVER\DEBUG\TYPEDNAMEDPROPERTY.OBJ
C:\USERS\AW 18\DROPBOX\GUILDHALL\PROJECTS\NETWORKINGMIDTERM\MIDTERMSERVER\DEBUG\UDPSERVER.OBJ
C:\Users\AW 18\Dropbox\GuildHall\Projects\NetworkingMidterm\MidtermServer\Debug\vc100.idb
C:\USERS\AW 18\DROPBOX\GUILDHALL\PROJECTS\NETWORKINGMIDTERM\MIDTERMSERVER\DEBUG\VC100.PDB
C:\USERS\AW 18\DROPBOX\GUILDHALL\PROJECTS\NETWORKINGMIDTERM\MIDTERMSERVER\DEBUG\VECTOR2.OBJ
C:\USERS\AW 18\DROPBOX\GUILDHALL\PROJECTS\NETWORKINGMIDTERM\MIDTERMSERVER\DEBUG\VIEWFRUSTUM.OBJ
C:\USERS\AW 18\DROPBOX\GUILDHALL\PROJECTS\NETWORKINGMIDTERM\MIDTERMSERVER\DEBUG\WORKERTHREAD.OBJ
C:\USERS\AW 18\DROPBOX\GUILDHALL\PROJECTS\NETWORKINGMIDTERM\MIDTERMSERVER\DEBUG\XBOXCONTROLLER.OBJ
C:\USERS\AW 18\DROPBOX\GUILDHALL\PROJECTS\NETWORKINGMIDTERM\MIDTERMSERVER\DEBUG\XMLDOCUMENT.OBJ
C:\USERS\AW 18\DROPBOX\GUILDHALL\PROJECTS\NETWORKINGMIDTERM\MIDTERMSERVER\DEBUG\XMLNODE.OBJ
C:\USERS\AW 18\DROPBOX\GUILDHALL\PROJECTS\NETWORKINGMIDTERM\MIDTERMSERVER\DEBUG\XMLPARSER.OBJ
C:\USERS\AW 18\DROPBOX\GUILDHALL\PROJECTS\NETWORKINGMIDTERM\MIDTERMSERVER\MIDTERMSERVER.EXE
C:\USERS\AW 18\DROPBOX\GUILDHALL\PROJECTS\NETWORKINGMIDTERM\MIDTERMSERVER\MIDTERMSERVER.ILK
C:\USERS\AW 18\DROPBOX\GUILDHALL\PROJECTS\NETWORKINGMIDTERM\MIDTERMSERVER\MIDTERMSERVER.PDB
