C:\Users\AW 18\Dropbox\GuildHall\Projects\NetworkingMidterm\MidtermClient\\MidtermClient.pdb
C:\USERS\AW 18\DROPBOX\GUILDHALL\PROJECTS\NETWORKINGMIDTERM\MIDTERMCLIENT\DEBUG\AABB3D.OBJ
C:\USERS\AW 18\DROPBOX\GUILDHALL\PROJECTS\NETWORKINGMIDTERM\MIDTERMCLIENT\DEBUG\ALARM.OBJ
C:\USERS\AW 18\DROPBOX\GUILDHALL\PROJECTS\NETWORKINGMIDTERM\MIDTERMCLIENT\DEBUG\ASYNCJOB.OBJ
C:\USERS\AW 18\DROPBOX\GUILDHALL\PROJECTS\NETWORKINGMIDTERM\MIDTERMCLIENT\DEBUG\BITMAPFONT.OBJ
C:\USERS\AW 18\DROPBOX\GUILDHALL\PROJECTS\NETWORKINGMIDTERM\MIDTERMCLIENT\DEBUG\CAMERA.OBJ
C:\USERS\AW 18\DROPBOX\GUILDHALL\PROJECTS\NETWORKINGMIDTERM\MIDTERMCLIENT\DEBUG\CAMERA2D.OBJ
C:\USERS\AW 18\DROPBOX\GUILDHALL\PROJECTS\NETWORKINGMIDTERM\MIDTERMCLIENT\DEBUG\CB3DSMAXIMPORTER.OBJ
C:\USERS\AW 18\DROPBOX\GUILDHALL\PROJECTS\NETWORKINGMIDTERM\MIDTERMCLIENT\DEBUG\CBMEMORYMANAGER.OBJ
C:\USERS\AW 18\DROPBOX\GUILDHALL\PROJECTS\NETWORKINGMIDTERM\MIDTERMCLIENT\DEBUG\CBMESH.OBJ
C:\USERS\AW 18\DROPBOX\GUILDHALL\PROJECTS\NETWORKINGMIDTERM\MIDTERMCLIENT\DEBUG\CBNODE.OBJ
C:\USERS\AW 18\DROPBOX\GUILDHALL\PROJECTS\NETWORKINGMIDTERM\MIDTERMCLIENT\DEBUG\CBRENDERER.OBJ
C:\USERS\AW 18\DROPBOX\GUILDHALL\PROJECTS\NETWORKINGMIDTERM\MIDTERMCLIENT\DEBUG\CBSKINNEDMESH.OBJ
C:\USERS\AW 18\DROPBOX\GUILDHALL\PROJECTS\NETWORKINGMIDTERM\MIDTERMCLIENT\DEBUG\CBSKINNEDTRIANGLEBATCH.OBJ
C:\USERS\AW 18\DROPBOX\GUILDHALL\PROJECTS\NETWORKINGMIDTERM\MIDTERMCLIENT\DEBUG\CBSTRINGHELPER.OBJ
C:\USERS\AW 18\DROPBOX\GUILDHALL\PROJECTS\NETWORKINGMIDTERM\MIDTERMCLIENT\DEBUG\CBTRIANGLEBATCH.OBJ
C:\Users\AW 18\Dropbox\GuildHall\Projects\NetworkingMidterm\MidtermClient\Debug\cl.command.1.tlog
C:\Users\AW 18\Dropbox\GuildHall\Projects\NetworkingMidterm\MidtermClient\Debug\CL.read.1.tlog
C:\Users\AW 18\Dropbox\GuildHall\Projects\NetworkingMidterm\MidtermClient\Debug\CL.write.1.tlog
C:\USERS\AW 18\DROPBOX\GUILDHALL\PROJECTS\NETWORKINGMIDTERM\MIDTERMCLIENT\DEBUG\CLOCK.OBJ
C:\USERS\AW 18\DROPBOX\GUILDHALL\PROJECTS\NETWORKINGMIDTERM\MIDTERMCLIENT\DEBUG\COLLISIONHELPER.OBJ
C:\USERS\AW 18\DROPBOX\GUILDHALL\PROJECTS\NETWORKINGMIDTERM\MIDTERMCLIENT\DEBUG\COMMANDLET.OBJ
C:\USERS\AW 18\DROPBOX\GUILDHALL\PROJECTS\NETWORKINGMIDTERM\MIDTERMCLIENT\DEBUG\COMMANDLINEARGS.OBJ
C:\USERS\AW 18\DROPBOX\GUILDHALL\PROJECTS\NETWORKINGMIDTERM\MIDTERMCLIENT\DEBUG\COMMANDPROMPT.OBJ
C:\USERS\AW 18\DROPBOX\GUILDHALL\PROJECTS\NETWORKINGMIDTERM\MIDTERMCLIENT\DEBUG\CONSOLE.OBJ
C:\USERS\AW 18\DROPBOX\GUILDHALL\PROJECTS\NETWORKINGMIDTERM\MIDTERMCLIENT\DEBUG\CONSOLECOMMANDARG.OBJ
C:\USERS\AW 18\DROPBOX\GUILDHALL\PROJECTS\NETWORKINGMIDTERM\MIDTERMCLIENT\DEBUG\DEBUGAABB.OBJ
C:\USERS\AW 18\DROPBOX\GUILDHALL\PROJECTS\NETWORKINGMIDTERM\MIDTERMCLIENT\DEBUG\DEBUGARROW.OBJ
C:\USERS\AW 18\DROPBOX\GUILDHALL\PROJECTS\NETWORKINGMIDTERM\MIDTERMCLIENT\DEBUG\DEBUGLINE.OBJ
C:\USERS\AW 18\DROPBOX\GUILDHALL\PROJECTS\NETWORKINGMIDTERM\MIDTERMCLIENT\DEBUG\DEBUGPOINT.OBJ
C:\USERS\AW 18\DROPBOX\GUILDHALL\PROJECTS\NETWORKINGMIDTERM\MIDTERMCLIENT\DEBUG\DEBUGSHAPEDEFINITION.OBJ
C:\USERS\AW 18\DROPBOX\GUILDHALL\PROJECTS\NETWORKINGMIDTERM\MIDTERMCLIENT\DEBUG\DEBUGSHAPERENDERER.OBJ
C:\USERS\AW 18\DROPBOX\GUILDHALL\PROJECTS\NETWORKINGMIDTERM\MIDTERMCLIENT\DEBUG\DEBUGSPHERE.OBJ
C:\USERS\AW 18\DROPBOX\GUILDHALL\PROJECTS\NETWORKINGMIDTERM\MIDTERMCLIENT\DEBUG\DISK2D.OBJ
C:\USERS\AW 18\DROPBOX\GUILDHALL\PROJECTS\NETWORKINGMIDTERM\MIDTERMCLIENT\DEBUG\ENGINEERRORMANAGER.OBJ
C:\USERS\AW 18\DROPBOX\GUILDHALL\PROJECTS\NETWORKINGMIDTERM\MIDTERMCLIENT\DEBUG\ENGINEPROFILER.OBJ
C:\USERS\AW 18\DROPBOX\GUILDHALL\PROJECTS\NETWORKINGMIDTERM\MIDTERMCLIENT\DEBUG\ENGINESETTINGS.OBJ
C:\USERS\AW 18\DROPBOX\GUILDHALL\PROJECTS\NETWORKINGMIDTERM\MIDTERMCLIENT\DEBUG\ENTITY.OBJ
C:\USERS\AW 18\DROPBOX\GUILDHALL\PROJECTS\NETWORKINGMIDTERM\MIDTERMCLIENT\DEBUG\ENTITYMESH.OBJ
C:\USERS\AW 18\DROPBOX\GUILDHALL\PROJECTS\NETWORKINGMIDTERM\MIDTERMCLIENT\DEBUG\EVENTSUBSCRIBERBASE.OBJ
C:\USERS\AW 18\DROPBOX\GUILDHALL\PROJECTS\NETWORKINGMIDTERM\MIDTERMCLIENT\DEBUG\EVENTSYSTEM.OBJ
C:\USERS\AW 18\DROPBOX\GUILDHALL\PROJECTS\NETWORKINGMIDTERM\MIDTERMCLIENT\DEBUG\EVENTSYSTEMSUBSCRIBER.OBJ
C:\USERS\AW 18\DROPBOX\GUILDHALL\PROJECTS\NETWORKINGMIDTERM\MIDTERMCLIENT\DEBUG\FEEDBACKGAME.OBJ
C:\USERS\AW 18\DROPBOX\GUILDHALL\PROJECTS\NETWORKINGMIDTERM\MIDTERMCLIENT\DEBUG\FEEDBACKWORLD.OBJ
C:\USERS\AW 18\DROPBOX\GUILDHALL\PROJECTS\NETWORKINGMIDTERM\MIDTERMCLIENT\DEBUG\FMODSOUND.OBJ
C:\USERS\AW 18\DROPBOX\GUILDHALL\PROJECTS\NETWORKINGMIDTERM\MIDTERMCLIENT\DEBUG\FOG.OBJ
C:\USERS\AW 18\DROPBOX\GUILDHALL\PROJECTS\NETWORKINGMIDTERM\MIDTERMCLIENT\DEBUG\FONTMANAGER.OBJ
C:\USERS\AW 18\DROPBOX\GUILDHALL\PROJECTS\NETWORKINGMIDTERM\MIDTERMCLIENT\DEBUG\FRAMEBUFFEROBJECT.OBJ
C:\USERS\AW 18\DROPBOX\GUILDHALL\PROJECTS\NETWORKINGMIDTERM\MIDTERMCLIENT\DEBUG\GAMEDIRECTOR.OBJ
C:\USERS\AW 18\DROPBOX\GUILDHALL\PROJECTS\NETWORKINGMIDTERM\MIDTERMCLIENT\DEBUG\GAMEOBJECT.OBJ
C:\USERS\AW 18\DROPBOX\GUILDHALL\PROJECTS\NETWORKINGMIDTERM\MIDTERMCLIENT\DEBUG\GEOMETRY3D.OBJ
C:\USERS\AW 18\DROPBOX\GUILDHALL\PROJECTS\NETWORKINGMIDTERM\MIDTERMCLIENT\DEBUG\GLYPH.OBJ
C:\USERS\AW 18\DROPBOX\GUILDHALL\PROJECTS\NETWORKINGMIDTERM\MIDTERMCLIENT\DEBUG\GUICON.OBJ
C:\USERS\AW 18\DROPBOX\GUILDHALL\PROJECTS\NETWORKINGMIDTERM\MIDTERMCLIENT\DEBUG\HASHBUFFERJOB.OBJ
C:\USERS\AW 18\DROPBOX\GUILDHALL\PROJECTS\NETWORKINGMIDTERM\MIDTERMCLIENT\DEBUG\INPUTHANDLER.OBJ
C:\USERS\AW 18\DROPBOX\GUILDHALL\PROJECTS\NETWORKINGMIDTERM\MIDTERMCLIENT\DEBUG\JOBMANAGER.OBJ
C:\USERS\AW 18\DROPBOX\GUILDHALL\PROJECTS\NETWORKINGMIDTERM\MIDTERMCLIENT\DEBUG\LIGHT.OBJ
C:\Users\AW 18\Dropbox\GuildHall\Projects\NetworkingMidterm\MidtermClient\Debug\link.8504.read.1.tlog
C:\Users\AW 18\Dropbox\GuildHall\Projects\NetworkingMidterm\MidtermClient\Debug\link.8504.write.1.tlog
C:\Users\AW 18\Dropbox\GuildHall\Projects\NetworkingMidterm\MidtermClient\Debug\link.8504-cvtres.read.1.tlog
C:\Users\AW 18\Dropbox\GuildHall\Projects\NetworkingMidterm\MidtermClient\Debug\link.8504-cvtres.write.1.tlog
C:\Users\AW 18\Dropbox\GuildHall\Projects\NetworkingMidterm\MidtermClient\Debug\link.command.1.tlog
C:\Users\AW 18\Dropbox\GuildHall\Projects\NetworkingMidterm\MidtermClient\Debug\link.read.1.tlog
C:\Users\AW 18\Dropbox\GuildHall\Projects\NetworkingMidterm\MidtermClient\Debug\link.write.1.tlog
C:\Users\AW 18\Dropbox\GuildHall\Projects\NetworkingMidterm\MidtermClient\Debug\link-cvtres.read.1.tlog
C:\Users\AW 18\Dropbox\GuildHall\Projects\NetworkingMidterm\MidtermClient\Debug\link-cvtres.write.1.tlog
C:\USERS\AW 18\DROPBOX\GUILDHALL\PROJECTS\NETWORKINGMIDTERM\MIDTERMCLIENT\DEBUG\LOADFILEJOB.OBJ
C:\USERS\AW 18\DROPBOX\GUILDHALL\PROJECTS\NETWORKINGMIDTERM\MIDTERMCLIENT\DEBUG\MATERIAL.OBJ
C:\USERS\AW 18\DROPBOX\GUILDHALL\PROJECTS\NETWORKINGMIDTERM\MIDTERMCLIENT\DEBUG\MATRIX44.OBJ
C:\USERS\AW 18\DROPBOX\GUILDHALL\PROJECTS\NETWORKINGMIDTERM\MIDTERMCLIENT\DEBUG\MATRIXSTACK.OBJ
C:\USERS\AW 18\DROPBOX\GUILDHALL\PROJECTS\NETWORKINGMIDTERM\MIDTERMCLIENT\DEBUG\MEMORYMACROS.OBJ
C:\USERS\AW 18\DROPBOX\GUILDHALL\PROJECTS\NETWORKINGMIDTERM\MIDTERMCLIENT\DEBUG\MIDTERMCLIENT.EXE.EMBED.MANIFEST
C:\USERS\AW 18\DROPBOX\GUILDHALL\PROJECTS\NETWORKINGMIDTERM\MIDTERMCLIENT\DEBUG\MIDTERMCLIENT.EXE.EMBED.MANIFEST.RES
C:\Users\AW 18\Dropbox\GuildHall\Projects\NetworkingMidterm\MidtermClient\Debug\MidtermClient.exe.intermediate.manifest
C:\Users\AW 18\Dropbox\GuildHall\Projects\NetworkingMidterm\MidtermClient\Debug\MidtermClient.ilk
C:\Users\AW 18\Dropbox\GuildHall\Projects\NetworkingMidterm\MidtermClient\Debug\MidtermClient.pdb
C:\Users\AW 18\Dropbox\GuildHall\Projects\NetworkingMidterm\MidtermClient\Debug\MidtermClient.vcxprojResolveAssemblyReference.cache
C:\Users\AW 18\Dropbox\GuildHall\Projects\NetworkingMidterm\MidtermClient\Debug\MidtermClient.write.1.tlog
C:\Users\AW 18\Dropbox\GuildHall\Projects\NetworkingMidterm\MidtermClient\Debug\MidtermClient_manifest.rc
C:\Users\AW 18\Dropbox\GuildHall\Projects\NetworkingMidterm\MidtermClient\Debug\mt.command.1.tlog
C:\Users\AW 18\Dropbox\GuildHall\Projects\NetworkingMidterm\MidtermClient\Debug\mt.read.1.tlog
C:\Users\AW 18\Dropbox\GuildHall\Projects\NetworkingMidterm\MidtermClient\Debug\mt.write.1.tlog
C:\USERS\AW 18\DROPBOX\GUILDHALL\PROJECTS\NETWORKINGMIDTERM\MIDTERMCLIENT\DEBUG\NAMEDPROPERTIES.OBJ
C:\USERS\AW 18\DROPBOX\GUILDHALL\PROJECTS\NETWORKINGMIDTERM\MIDTERMCLIENT\DEBUG\NAMEDPROPERTY.OBJ
C:\USERS\AW 18\DROPBOX\GUILDHALL\PROJECTS\NETWORKINGMIDTERM\MIDTERMCLIENT\DEBUG\NETWORKAGENT.OBJ
C:\USERS\AW 18\DROPBOX\GUILDHALL\PROJECTS\NETWORKINGMIDTERM\MIDTERMCLIENT\DEBUG\NODE.OBJ
C:\USERS\AW 18\DROPBOX\GUILDHALL\PROJECTS\NETWORKINGMIDTERM\MIDTERMCLIENT\DEBUG\OPENGLRENDERER.OBJ
C:\USERS\AW 18\DROPBOX\GUILDHALL\PROJECTS\NETWORKINGMIDTERM\MIDTERMCLIENT\DEBUG\OPENGLSHADER.OBJ
C:\USERS\AW 18\DROPBOX\GUILDHALL\PROJECTS\NETWORKINGMIDTERM\MIDTERMCLIENT\DEBUG\OPENGLSHADERERROR.OBJ
C:\USERS\AW 18\DROPBOX\GUILDHALL\PROJECTS\NETWORKINGMIDTERM\MIDTERMCLIENT\DEBUG\OPENGLSHADERMANAGER.OBJ
C:\USERS\AW 18\DROPBOX\GUILDHALL\PROJECTS\NETWORKINGMIDTERM\MIDTERMCLIENT\DEBUG\OPENGLSHADERPROGRAM.OBJ
C:\USERS\AW 18\DROPBOX\GUILDHALL\PROJECTS\NETWORKINGMIDTERM\MIDTERMCLIENT\DEBUG\OPERATORNEWDELETE.OBJ
C:\USERS\AW 18\DROPBOX\GUILDHALL\PROJECTS\NETWORKINGMIDTERM\MIDTERMCLIENT\DEBUG\PARTICLE.OBJ
C:\USERS\AW 18\DROPBOX\GUILDHALL\PROJECTS\NETWORKINGMIDTERM\MIDTERMCLIENT\DEBUG\PLANE3D.OBJ
C:\USERS\AW 18\DROPBOX\GUILDHALL\PROJECTS\NETWORKINGMIDTERM\MIDTERMCLIENT\DEBUG\PROFILESECTION.OBJ
C:\USERS\AW 18\DROPBOX\GUILDHALL\PROJECTS\NETWORKINGMIDTERM\MIDTERMCLIENT\DEBUG\PUGIXML.OBJ
C:\Users\AW 18\Dropbox\GuildHall\Projects\NetworkingMidterm\MidtermClient\Debug\rc.command.1.tlog
C:\Users\AW 18\Dropbox\GuildHall\Projects\NetworkingMidterm\MidtermClient\Debug\rc.read.1.tlog
C:\Users\AW 18\Dropbox\GuildHall\Projects\NetworkingMidterm\MidtermClient\Debug\rc.write.1.tlog
C:\USERS\AW 18\DROPBOX\GUILDHALL\PROJECTS\NETWORKINGMIDTERM\MIDTERMCLIENT\DEBUG\REVERSEBUFFERJOB.OBJ
C:\USERS\AW 18\DROPBOX\GUILDHALL\PROJECTS\NETWORKINGMIDTERM\MIDTERMCLIENT\DEBUG\SAVEFILEJOB.OBJ
C:\USERS\AW 18\DROPBOX\GUILDHALL\PROJECTS\NETWORKINGMIDTERM\MIDTERMCLIENT\DEBUG\SIZE.OBJ
C:\USERS\AW 18\DROPBOX\GUILDHALL\PROJECTS\NETWORKINGMIDTERM\MIDTERMCLIENT\DEBUG\SPHERE3D.OBJ
C:\USERS\AW 18\DROPBOX\GUILDHALL\PROJECTS\NETWORKINGMIDTERM\MIDTERMCLIENT\DEBUG\SPHERESHAPE.OBJ
C:\USERS\AW 18\DROPBOX\GUILDHALL\PROJECTS\NETWORKINGMIDTERM\MIDTERMCLIENT\DEBUG\SPRITE.OBJ
C:\USERS\AW 18\DROPBOX\GUILDHALL\PROJECTS\NETWORKINGMIDTERM\MIDTERMCLIENT\DEBUG\SPRITEANIMATION.OBJ
C:\USERS\AW 18\DROPBOX\GUILDHALL\PROJECTS\NETWORKINGMIDTERM\MIDTERMCLIENT\DEBUG\SPRITEANIMATIONDEFINITION.OBJ
C:\USERS\AW 18\DROPBOX\GUILDHALL\PROJECTS\NETWORKINGMIDTERM\MIDTERMCLIENT\DEBUG\STB_IMAGE.OBJ
C:\USERS\AW 18\DROPBOX\GUILDHALL\PROJECTS\NETWORKINGMIDTERM\MIDTERMCLIENT\DEBUG\TEXTRENDERER.OBJ
C:\USERS\AW 18\DROPBOX\GUILDHALL\PROJECTS\NETWORKINGMIDTERM\MIDTERMCLIENT\DEBUG\TEXTURE.OBJ
C:\USERS\AW 18\DROPBOX\GUILDHALL\PROJECTS\NETWORKINGMIDTERM\MIDTERMCLIENT\DEBUG\TEXTUREATLAS.OBJ
C:\USERS\AW 18\DROPBOX\GUILDHALL\PROJECTS\NETWORKINGMIDTERM\MIDTERMCLIENT\DEBUG\TEXTUREATLASMANAGER.OBJ
C:\USERS\AW 18\DROPBOX\GUILDHALL\PROJECTS\NETWORKINGMIDTERM\MIDTERMCLIENT\DEBUG\TEXTUREMANAGER.OBJ
C:\USERS\AW 18\DROPBOX\GUILDHALL\PROJECTS\NETWORKINGMIDTERM\MIDTERMCLIENT\DEBUG\TIMESYSTEM.OBJ
C:\USERS\AW 18\DROPBOX\GUILDHALL\PROJECTS\NETWORKINGMIDTERM\MIDTERMCLIENT\DEBUG\TIMEUTIL.OBJ
C:\USERS\AW 18\DROPBOX\GUILDHALL\PROJECTS\NETWORKINGMIDTERM\MIDTERMCLIENT\DEBUG\TYPEDEVENTSUBSCRIBER.OBJ
C:\USERS\AW 18\DROPBOX\GUILDHALL\PROJECTS\NETWORKINGMIDTERM\MIDTERMCLIENT\DEBUG\TYPEDNAMEDPROPERTY.OBJ
C:\Users\AW 18\Dropbox\GuildHall\Projects\NetworkingMidterm\MidtermClient\Debug\vc100.idb
C:\USERS\AW 18\DROPBOX\GUILDHALL\PROJECTS\NETWORKINGMIDTERM\MIDTERMCLIENT\DEBUG\VC100.PDB
C:\USERS\AW 18\DROPBOX\GUILDHALL\PROJECTS\NETWORKINGMIDTERM\MIDTERMCLIENT\DEBUG\VECTOR2.OBJ
C:\USERS\AW 18\DROPBOX\GUILDHALL\PROJECTS\NETWORKINGMIDTERM\MIDTERMCLIENT\DEBUG\VIEWFRUSTUM.OBJ
C:\USERS\AW 18\DROPBOX\GUILDHALL\PROJECTS\NETWORKINGMIDTERM\MIDTERMCLIENT\DEBUG\WINMAIN.OBJ
C:\USERS\AW 18\DROPBOX\GUILDHALL\PROJECTS\NETWORKINGMIDTERM\MIDTERMCLIENT\DEBUG\WORKERTHREAD.OBJ
C:\USERS\AW 18\DROPBOX\GUILDHALL\PROJECTS\NETWORKINGMIDTERM\MIDTERMCLIENT\DEBUG\XBOXCONTROLLER.OBJ
C:\USERS\AW 18\DROPBOX\GUILDHALL\PROJECTS\NETWORKINGMIDTERM\MIDTERMCLIENT\DEBUG\XMLDOCUMENT.OBJ
C:\USERS\AW 18\DROPBOX\GUILDHALL\PROJECTS\NETWORKINGMIDTERM\MIDTERMCLIENT\DEBUG\XMLNODE.OBJ
C:\USERS\AW 18\DROPBOX\GUILDHALL\PROJECTS\NETWORKINGMIDTERM\MIDTERMCLIENT\DEBUG\XMLPARSER.OBJ
